SF:lib\core\utils\validators.dart
DA:11,0
DA:13,3
DA:18,1
DA:19,1
DA:20,1
DA:21,2
DA:22,2
DA:27,1
DA:28,1
DA:29,1
DA:32,2
DA:40,1
DA:42,1
DA:45,2
DA:48,2
DA:49,2
DA:57,1
DA:58,1
DA:61,1
LF:19
LH:18
end_of_record
SF:lib\data\models\artist.dart
DA:7,2
DA:9,1
DA:10,1
DA:11,1
DA:12,1
DA:13,1
LF:6
LH:6
end_of_record
SF:lib\data\models\concert_event.dart
DA:11,3
DA:21,1
DA:22,1
DA:23,1
DA:24,1
DA:25,1
DA:26,1
DA:27,3
DA:28,2
DA:29,2
DA:33,3
DA:36,2
DA:37,6
DA:38,2
DA:39,20
LF:15
LH:15
end_of_record
SF:lib\data\models\product.dart
DA:10,2
DA:19,1
DA:20,1
DA:21,1
DA:22,1
DA:23,1
DA:24,2
DA:25,1
DA:26,1
DA:31,2
DA:32,8
DA:33,6
DA:35,4
LF:13
LH:13
end_of_record
SF:lib\data\models\social_link.dart
DA:11,2
DA:19,1
DA:20,1
DA:21,1
DA:22,1
DA:23,1
DA:24,1
DA:25,2
DA:30,1
DA:31,2
DA:32,1
DA:33,2
DA:34,2
LF:13
LH:13
end_of_record
SF:lib\data\models\track.dart
DA:12,2
DA:23,1
DA:24,1
DA:25,1
DA:26,1
DA:27,1
DA:28,1
DA:29,1
DA:33,2
DA:34,2
DA:35,2
DA:36,2
DA:37,2
DA:38,2
DA:39,2
DA:40,1
DA:41,1
DA:42,1
DA:47,1
DA:48,1
DA:50,1
DA:51,3
DA:52,1
LF:23
LH:23
end_of_record
SF:lib\data\models\track_comment.dart
DA:10,2
DA:19,1
DA:20,1
DA:21,1
DA:22,1
DA:23,1
DA:24,1
DA:25,1
DA:26,3
LF:9
LH:9
end_of_record
SF:lib\data\models\user_profile.dart
DA:7,1
DA:13,1
DA:14,1
DA:15,1
DA:16,1
DA:17,1
DA:21,1
DA:22,1
DA:23,1
DA:24,1
DA:25,1
LF:11
LH:11
end_of_record
SF:lib\core\theme\app_colors.dart
DA:9,0
LF:1
LH:0
end_of_record
SF:lib\core\theme\app_theme.dart
DA:8,0
DA:10,0
DA:11,0
DA:21,0
DA:29,0
DA:30,0
DA:36,0
DA:47,0
DA:50,0
DA:51,0
DA:55,0
DA:59,0
DA:60,0
DA:63,0
DA:64,0
DA:68,0
DA:69,0
DA:76,0
DA:78,0
DA:81,0
DA:82,0
DA:95,0
DA:96,0
DA:97,0
DA:101,0
DA:105,0
DA:109,0
DA:111,0
DA:113,0
LF:29
LH:0
end_of_record
SF:lib\ui\common\error_state.dart
DA:8,1
DA:10,1
DA:12,1
DA:13,1
DA:15,1
DA:17,1
DA:20,2
DA:22,2
LF:8
LH:8
end_of_record
SF:lib\ui\common\neon_text.dart
DA:13,2
DA:21,0
DA:23,0
DA:24,0
DA:25,0
DA:26,0
DA:28,0
DA:30,0
DA:31,0
DA:32,0
LF:10
LH:1
end_of_record
SF:lib\ui\common\section_label.dart
DA:11,2
DA:13,0
DA:15,0
DA:16,0
DA:17,0
DA:21,0
LF:6
LH:1
end_of_record
SF:lib\ui\vote\view\vote_screen.dart
DA:10,0
DA:12,0
DA:14,0
DA:15,0
DA:17,0
DA:19,0
DA:20,0
DA:34,0
DA:38,0
DA:39,0
DA:40,0
DA:41,0
LF:12
LH:0
end_of_record
SF:lib\core\config\supabase_config.dart
DA:10,0
DA:12,0
DA:13,0
DA:14,0
DA:16,0
DA:17,0
DA:22,0
DA:26,0
LF:8
LH:0
end_of_record
SF:lib\data\repositories\admin_repository.dart
DA:47,0
DA:48,0
DA:49,0
DA:51,0
DA:52,0
DA:53,0
DA:54,0
DA:55,0
DA:56,0
DA:58,0
DA:66,0
DA:67,0
DA:68,0
DA:69,0
DA:73,0
DA:75,0
DA:79,0
DA:89,0
DA:90,0
DA:91,0
DA:92,0
DA:93,0
DA:98,0
DA:100,0
DA:104,0
DA:113,0
DA:114,0
DA:115,0
DA:117,0
DA:118,0
DA:121,0
DA:123,0
DA:127,0
DA:129,0
DA:130,0
DA:132,0
DA:133,0
DA:135,0
DA:137,0
DA:138,0
DA:139,0
LF:41
LH:0
end_of_record
SF:lib\data\repositories\content_repository.dart
DA:23,0
DA:24,0
DA:26,0
DA:28,0
DA:29,0
DA:32,0
DA:34,0
DA:36,0
DA:37,0
DA:40,0
DA:42,0
DA:44,0
DA:45,0
DA:48,0
DA:51,0
DA:53,0
DA:54,0
DA:57,0
DA:59,0
DA:61,0
DA:62,0
LF:21
LH:0
end_of_record
SF:lib\data\repositories\auth_repository.dart
DA:20,0
DA:21,0
DA:23,0
DA:25,0
DA:28,0
DA:29,0
DA:32,0
DA:33,0
DA:35,0
DA:36,0
DA:37,0
DA:38,0
DA:39,0
DA:40,0
DA:44,0
DA:50,0
DA:51,0
DA:53,0
DA:57,0
DA:59,0
DA:60,0
DA:65,0
DA:67,0
DA:71,0
DA:72,0
DA:73,0
DA:79,0
DA:81,0
DA:82,0
LF:29
LH:0
end_of_record
SF:lib\data\repositories\music_repository.dart
DA:24,0
DA:26,0
DA:28,0
DA:30,0
DA:32,0
DA:34,0
DA:39,0
DA:40,0
DA:41,0
DA:43,0
DA:44,0
DA:46,0
DA:47,0
DA:48,0
DA:49,0
DA:51,0
DA:52,0
DA:54,0
DA:60,0
DA:62,0
DA:63,0
DA:64,0
DA:65,0
DA:66,0
DA:67,0
DA:69,0
DA:70,0
DA:71,0
DA:76,0
DA:78,0
DA:79,0
DA:80,0
DA:81,0
DA:82,0
DA:84,0
DA:85,0
DA:88,0
DA:94,0
DA:95,0
DA:96,0
DA:98,0
DA:100,0
DA:102,0
DA:103,0
DA:104,0
LF:45
LH:0
end_of_record
SF:lib\ui\admin\view\admin_screen.dart
DA:16,1
DA:18,1
DA:19,1
DA:28,1
DA:30,1
DA:31,3
DA:32,4
DA:35,1
DA:37,1
DA:38,2
DA:39,1
DA:40,1
DA:43,3
DA:45,4
DA:47,1
DA:48,1
DA:49,1
DA:53,2
DA:54,1
DA:56,1
DA:59,2
DA:60,4
DA:61,3
DA:65,1
DA:66,1
DA:67,1
DA:68,2
DA:71,1
DA:72,1
DA:73,2
DA:76,1
DA:77,2
DA:86,1
DA:89,4
DA:90,4
DA:91,4
DA:92,1
DA:93,4
DA:94,3
DA:97,0
DA:98,0
DA:105,1
DA:107,1
DA:108,1
DA:109,1
DA:111,1
DA:113,1
DA:114,1
DA:116,1
DA:117,1
DA:128,1
DA:129,1
DA:130,1
DA:131,1
DA:132,1
DA:133,3
DA:134,2
DA:135,2
DA:136,2
DA:137,1
DA:138,1
DA:140,1
DA:141,3
DA:142,2
DA:143,2
DA:144,4
DA:145,1
DA:146,1
DA:148,1
DA:149,3
DA:150,2
DA:151,2
DA:152,1
DA:153,3
DA:154,1
DA:155,1
DA:160,1
DA:162,1
DA:164,1
DA:165,2
DA:167,1
DA:168,1
DA:169,1
DA:170,1
DA:171,1
DA:189,1
DA:198,1
DA:199,1
DA:205,1
DA:207,1
DA:208,4
DA:211,1
DA:213,1
DA:214,1
DA:215,1
DA:216,2
DA:219,1
DA:222,1
DA:223,1
DA:226,1
DA:228,1
DA:229,0
DA:230,1
DA:231,1
DA:232,1
DA:233,1
DA:235,1
DA:236,1
DA:238,1
DA:239,4
DA:240,4
DA:241,1
DA:243,1
DA:244,1
DA:246,4
DA:250,1
DA:252,4
DA:272,1
DA:278,1
DA:279,1
DA:288,1
DA:289,4
DA:291,1
DA:293,1
DA:294,2
DA:295,1
DA:296,2
DA:297,2
DA:298,2
DA:299,2
DA:300,1
DA:301,2
DA:302,2
DA:303,2
DA:304,3
DA:305,3
DA:306,2
DA:307,1
DA:308,2
DA:309,2
DA:310,3
DA:311,2
DA:312,2
DA:316,1
DA:318,3
DA:319,1
DA:321,1
DA:324,1
DA:325,2
DA:327,1
DA:328,1
DA:329,1
DA:330,2
DA:335,1
DA:336,3
DA:337,1
DA:338,1
DA:340,1
DA:341,2
DA:343,1
DA:344,1
DA:345,1
DA:346,1
DA:349,2
DA:350,1
DA:351,6
DA:355,1
DA:356,3
DA:357,4
DA:358,3
DA:363,3
DA:365,2
DA:366,2
DA:367,1
DA:368,3
DA:369,2
DA:370,2
DA:371,2
DA:372,2
DA:373,3
DA:375,1
DA:376,3
DA:377,2
DA:378,2
DA:379,2
DA:380,2
DA:381,1
DA:383,4
DA:385,4
DA:387,1
DA:388,3
DA:389,2
DA:390,2
DA:391,2
DA:392,4
DA:393,2
DA:394,2
DA:397,3
DA:399,1
DA:400,3
DA:401,3
DA:408,1
DA:410,1
DA:412,3
DA:413,1
DA:415,1
DA:417,1
DA:420,1
DA:422,1
DA:423,1
DA:424,1
DA:427,1
DA:428,1
DA:429,1
DA:430,1
DA:431,1
DA:432,2
DA:435,3
DA:438,1
DA:439,0
DA:445,1
DA:446,1
DA:447,1
DA:448,2
DA:449,1
DA:467,1
DA:468,1
DA:476,1
DA:478,1
DA:479,1
DA:482,1
DA:483,1
DA:488,2
DA:489,1
DA:490,1
DA:491,1
DA:492,1
DA:493,1
DA:495,2
DA:496,1
DA:498,1
DA:499,1
DA:500,1
DA:501,1
DA:502,1
DA:503,1
DA:504,1
DA:506,1
DA:507,1
DA:509,19
DA:513,1
DA:516,2
DA:517,1
DA:520,2
DA:522,1
DA:523,1
DA:524,1
DA:525,1
DA:526,1
DA:529,2
DA:530,1
DA:531,1
LF:262
LH:258
end_of_record
SF:lib\ui\artist\viewmodel\artist_viewmodel.dart
DA:10,1
DA:11,0
DA:17,1
DA:18,1
DA:19,1
DA:21,3
DA:22,1
DA:24,1
DA:25,1
DA:27,1
LF:10
LH:9
end_of_record
SF:lib\ui\auth\viewmodel\auth_viewmodel.dart
DA:11,1
DA:12,0
DA:15,2
DA:18,2
DA:20,0
DA:22,1
DA:23,4
DA:26,1
DA:31,4
DA:38,1
DA:39,2
DA:42,1
DA:43,4
DA:46,1
DA:47,1
DA:48,1
DA:49,1
DA:51,1
DA:52,1
DA:53,1
DA:55,1
DA:56,2
DA:57,1
DA:58,1
DA:61,1
DA:62,1
DA:63,1
LF:27
LH:25
end_of_record
SF:lib\ui\events\viewmodel\events_viewmodel.dart
DA:10,1
DA:11,0
DA:17,1
DA:18,1
DA:19,1
DA:21,3
DA:22,1
DA:24,1
DA:25,1
DA:27,1
LF:10
LH:9
end_of_record
SF:lib\ui\home\viewmodel\home_viewmodel.dart
DA:12,1
DA:13,0
DA:21,1
DA:22,1
DA:23,1
DA:25,2
DA:26,2
DA:29,4
DA:31,3
DA:33,1
DA:35,1
DA:36,1
DA:38,1
LF:13
LH:12
end_of_record
SF:lib\ui\linktree\viewmodel\linktree_viewmodel.dart
DA:10,1
DA:11,0
DA:19,1
DA:20,1
DA:21,1
DA:23,2
DA:24,4
DA:25,1
DA:27,3
DA:28,1
DA:30,1
DA:31,1
DA:33,1
LF:13
LH:12
end_of_record
SF:lib\ui\music\viewmodel\music_viewmodel.dart
DA:13,1
DA:14,0
DA:16,0
DA:23,1
DA:24,1
DA:25,1
DA:27,3
DA:28,1
DA:30,1
DA:31,1
DA:33,1
DA:36,1
DA:37,1
DA:38,1
DA:39,6
DA:40,2
DA:41,1
DA:44,1
DA:45,1
DA:46,1
DA:47,2
DA:48,2
DA:50,2
DA:51,1
DA:54,2
DA:57,2
DA:60,1
DA:61,1
DA:65,1
DA:66,2
DA:69,1
DA:71,2
DA:72,1
DA:74,2
DA:76,6
DA:77,2
DA:78,5
DA:79,4
DA:81,1
LF:39
LH:37
end_of_record
SF:lib\ui\shop\viewmodel\shop_viewmodel.dart
DA:10,1
DA:11,0
DA:17,1
DA:18,1
DA:19,1
DA:21,3
DA:22,1
DA:24,1
DA:25,1
DA:27,1
LF:10
LH:9
end_of_record
